File: ID_0077_AGE_0074_CONTRAST_0_CT.tif
PartID: Capstone_Final_Stats | Kernel: Richardson-Lucy | Threads: 256
Execution Time: 0.004886 s
Mean difference percentage: 98522934960.31%
-----------------------------------------------
File: ID_0032_AGE_0061_CONTRAST_1_CT.tif
PartID: Capstone_Final_Stats | Kernel: Richardson-Lucy | Threads: 256
Execution Time: 0.004299 s
Mean difference percentage: 98845399027.84%
-----------------------------------------------
File: ID_0075_AGE_0080_CONTRAST_0_CT.tif
PartID: Capstone_Final_Stats | Kernel: Richardson-Lucy | Threads: 256
Execution Time: 0.004300 s
Mean difference percentage: 98520720939.77%
-----------------------------------------------
File: ID_0031_AGE_0039_CONTRAST_1_CT.tif
PartID: Capstone_Final_Stats | Kernel: Richardson-Lucy | Threads: 256
Execution Time: 0.004293 s
Mean difference percentage: 98502881802.88%
-----------------------------------------------
File: ID_0025_AGE_0074_CONTRAST_1_CT.tif
PartID: Capstone_Final_Stats | Kernel: Richardson-Lucy | Threads: 256
Execution Time: 0.004322 s
Mean difference percentage: 98522394381.35%
-----------------------------------------------
File: ID_0096_AGE_0083_CONTRAST_0_CT.tif
PartID: Capstone_Final_Stats | Kernel: Richardson-Lucy | Threads: 256
Execution Time: 0.004322 s
Mean difference percentage: 98520249370.26%
-----------------------------------------------
File: ID_0033_AGE_0071_CONTRAST_1_CT.tif
PartID: Capstone_Final_Stats | Kernel: Richardson-Lucy | Threads: 256
Execution Time: 0.004301 s
Mean difference percentage: 97443865234.41%
-----------------------------------------------
File: ID_0045_AGE_0074_CONTRAST_1_CT.tif
PartID: Capstone_Final_Stats | Kernel: Richardson-Lucy | Threads: 256
Execution Time: 0.004301 s
Mean difference percentage: 97753723540.56%
-----------------------------------------------
File: ID_0083_AGE_0082_CONTRAST_0_CT.tif
PartID: Capstone_Final_Stats | Kernel: Richardson-Lucy | Threads: 256
Execution Time: 0.004299 s
Mean difference percentage: 98927118650.49%
-----------------------------------------------
File: ID_0011_AGE_0061_CONTRAST_1_CT.tif
PartID: Capstone_Final_Stats | Kernel: Richardson-Lucy | Threads: 256
Execution Time: 0.004318 s
Mean difference percentage: 97982256899.40%
-----------------------------------------------
File: ID_0049_AGE_0061_CONTRAST_1_CT.tif
PartID: Capstone_Final_Stats | Kernel: Richardson-Lucy | Threads: 256
Execution Time: 0.004324 s
Mean difference percentage: 99584818562.36%
-----------------------------------------------
File: ID_0087_AGE_0044_CONTRAST_0_CT.tif
PartID: Capstone_Final_Stats | Kernel: Richardson-Lucy | Threads: 256
Execution Time: 0.004326 s
Mean difference percentage: 98142893770.54%
-----------------------------------------------
File: ID_0041_AGE_0045_CONTRAST_1_CT.tif
PartID: Capstone_Final_Stats | Kernel: Richardson-Lucy | Threads: 256
Execution Time: 0.004299 s
Mean difference percentage: 98712885919.34%
-----------------------------------------------
File: ID_0013_AGE_0060_CONTRAST_1_CT.tif
PartID: Capstone_Final_Stats | Kernel: Richardson-Lucy | Threads: 256
Execution Time: 0.004340 s
Mean difference percentage: 98381877676.58%
-----------------------------------------------
File: ID_0006_AGE_0075_CONTRAST_1_CT.tif
PartID: Capstone_Final_Stats | Kernel: Richardson-Lucy | Threads: 256
Execution Time: 0.004314 s
Mean difference percentage: 99410532908.24%
-----------------------------------------------
File: ID_0098_AGE_0061_CONTRAST_0_CT.tif
PartID: Capstone_Final_Stats | Kernel: Richardson-Lucy | Threads: 256
Execution Time: 0.004344 s
Mean difference percentage: 98599203221.27%
-----------------------------------------------
File: ID_0047_AGE_0069_CONTRAST_1_CT.tif
PartID: Capstone_Final_Stats | Kernel: Richardson-Lucy | Threads: 256
Execution Time: 0.004337 s
Mean difference percentage: 98257628032.14%
-----------------------------------------------
File: ID_0017_AGE_0060_CONTRAST_1_CT.tif
PartID: Capstone_Final_Stats | Kernel: Richardson-Lucy | Threads: 256
Execution Time: 0.004321 s
Mean difference percentage: 98346730606.47%
-----------------------------------------------
File: ID_0040_AGE_0069_CONTRAST_1_CT.tif
PartID: Capstone_Final_Stats | Kernel: Richardson-Lucy | Threads: 256
Execution Time: 0.004309 s
Mean difference percentage: 98504267290.87%
-----------------------------------------------
File: ID_0036_AGE_0074_CONTRAST_1_CT.tif
PartID: Capstone_Final_Stats | Kernel: Richardson-Lucy | Threads: 256
Execution Time: 0.004290 s
Mean difference percentage: 98884904665.49%
-----------------------------------------------
File: ID_0080_AGE_0070_CONTRAST_0_CT.tif
PartID: Capstone_Final_Stats | Kernel: Richardson-Lucy | Threads: 256
Execution Time: 0.004322 s
Mean difference percentage: 97470558160.48%
-----------------------------------------------
File: ID_0084_AGE_0067_CONTRAST_0_CT.tif
PartID: Capstone_Final_Stats | Kernel: Richardson-Lucy | Threads: 256
Execution Time: 0.004314 s
Mean difference percentage: 97834305602.66%
-----------------------------------------------
File: ID_0058_AGE_0082_CONTRAST_0_CT.tif
PartID: Capstone_Final_Stats | Kernel: Richardson-Lucy | Threads: 256
Execution Time: 0.004307 s
Mean difference percentage: 99213287555.56%
-----------------------------------------------
File: ID_0081_AGE_0058_CONTRAST_0_CT.tif
PartID: Capstone_Final_Stats | Kernel: Richardson-Lucy | Threads: 256
Execution Time: 0.004307 s
Mean difference percentage: 97975959549.54%
-----------------------------------------------
File: ID_0019_AGE_0070_CONTRAST_1_CT.tif
PartID: Capstone_Final_Stats | Kernel: Richardson-Lucy | Threads: 256
Execution Time: 0.004306 s
Mean difference percentage: 98422758365.76%
-----------------------------------------------
File: ID_0088_AGE_0067_CONTRAST_0_CT.tif
PartID: Capstone_Final_Stats | Kernel: Richardson-Lucy | Threads: 256
Execution Time: 0.004325 s
Mean difference percentage: 98504442581.62%
-----------------------------------------------
File: ID_0082_AGE_0047_CONTRAST_0_CT.tif
PartID: Capstone_Final_Stats | Kernel: Richardson-Lucy | Threads: 256
Execution Time: 0.004306 s
Mean difference percentage: 98451931914.02%
-----------------------------------------------
File: ID_0069_AGE_0074_CONTRAST_0_CT.tif
PartID: Capstone_Final_Stats | Kernel: Richardson-Lucy | Threads: 256
Execution Time: 0.004324 s
Mean difference percentage: 97460185824.66%
-----------------------------------------------
File: ID_0000_AGE_0060_CONTRAST_1_CT.tif
PartID: Capstone_Final_Stats | Kernel: Richardson-Lucy | Threads: 256
Execution Time: 0.004294 s
Mean difference percentage: 96642649901.09%
-----------------------------------------------
File: ID_0044_AGE_0072_CONTRAST_1_CT.tif
PartID: Capstone_Final_Stats | Kernel: Richardson-Lucy | Threads: 256
Execution Time: 0.004330 s
Mean difference percentage: 99448527267.85%
-----------------------------------------------
File: ID_0018_AGE_0074_CONTRAST_1_CT.tif
PartID: Capstone_Final_Stats | Kernel: Richardson-Lucy | Threads: 256
Execution Time: 0.004322 s
Mean difference percentage: 99048300674.62%
-----------------------------------------------
File: ID_0092_AGE_0072_CONTRAST_0_CT.tif
PartID: Capstone_Final_Stats | Kernel: Richardson-Lucy | Threads: 256
Execution Time: 0.004316 s
Mean difference percentage: 98513761291.60%
-----------------------------------------------
File: ID_0095_AGE_0071_CONTRAST_0_CT.tif
PartID: Capstone_Final_Stats | Kernel: Richardson-Lucy | Threads: 256
Execution Time: 0.004313 s
Mean difference percentage: 98529102784.14%
-----------------------------------------------
File: ID_0064_AGE_0058_CONTRAST_0_CT.tif
PartID: Capstone_Final_Stats | Kernel: Richardson-Lucy | Threads: 256
Execution Time: 0.004301 s
Mean difference percentage: 98650731900.77%
-----------------------------------------------
File: ID_0079_AGE_0071_CONTRAST_0_CT.tif
PartID: Capstone_Final_Stats | Kernel: Richardson-Lucy | Threads: 256
Execution Time: 0.004305 s
Mean difference percentage: 97500611158.34%
-----------------------------------------------
File: ID_0053_AGE_0073_CONTRAST_0_CT.tif
PartID: Capstone_Final_Stats | Kernel: Richardson-Lucy | Threads: 256
Execution Time: 0.004298 s
Mean difference percentage: 98498975154.55%
-----------------------------------------------
File: ID_0046_AGE_0072_CONTRAST_1_CT.tif
PartID: Capstone_Final_Stats | Kernel: Richardson-Lucy | Threads: 256
Execution Time: 0.004350 s
Mean difference percentage: 99518087967.77%
-----------------------------------------------
File: ID_0030_AGE_0076_CONTRAST_1_CT.tif
PartID: Capstone_Final_Stats | Kernel: Richardson-Lucy | Threads: 256
Execution Time: 0.004322 s
Mean difference percentage: 98513644879.87%
-----------------------------------------------
File: ID_0034_AGE_0061_CONTRAST_1_CT.tif
PartID: Capstone_Final_Stats | Kernel: Richardson-Lucy | Threads: 256
Execution Time: 0.004290 s
Mean difference percentage: 98845399027.84%
-----------------------------------------------
File: ID_0003_AGE_0075_CONTRAST_1_CT.tif
PartID: Capstone_Final_Stats | Kernel: Richardson-Lucy | Threads: 256
Execution Time: 0.004294 s
Mean difference percentage: 99410532908.24%
-----------------------------------------------
File: ID_0029_AGE_0078_CONTRAST_1_CT.tif
PartID: Capstone_Final_Stats | Kernel: Richardson-Lucy | Threads: 256
Execution Time: 0.004291 s
Mean difference percentage: 98497998774.82%
-----------------------------------------------
File: ID_0043_AGE_0069_CONTRAST_1_CT.tif
PartID: Capstone_Final_Stats | Kernel: Richardson-Lucy | Threads: 256
Execution Time: 0.004303 s
Mean difference percentage: 98519263838.39%
-----------------------------------------------
File: ID_0007_AGE_0061_CONTRAST_1_CT.tif
PartID: Capstone_Final_Stats | Kernel: Richardson-Lucy | Threads: 256
Execution Time: 0.004313 s
Mean difference percentage: 99632731131.46%
-----------------------------------------------
File: ID_0052_AGE_0072_CONTRAST_0_CT.tif
PartID: Capstone_Final_Stats | Kernel: Richardson-Lucy | Threads: 256
Execution Time: 0.004332 s
Mean difference percentage: 98059221996.65%
-----------------------------------------------
File: ID_0002_AGE_0074_CONTRAST_1_CT.tif
PartID: Capstone_Final_Stats | Kernel: Richardson-Lucy | Threads: 256
Execution Time: 0.004303 s
Mean difference percentage: 99601014677.96%
-----------------------------------------------
File: ID_0010_AGE_0060_CONTRAST_1_CT.tif
PartID: Capstone_Final_Stats | Kernel: Richardson-Lucy | Threads: 256
Execution Time: 0.004324 s
Mean difference percentage: 98381877676.58%
-----------------------------------------------
File: ID_0005_AGE_0048_CONTRAST_1_CT.tif
PartID: Capstone_Final_Stats | Kernel: Richardson-Lucy | Threads: 256
Execution Time: 0.004312 s
Mean difference percentage: 98924797703.15%
-----------------------------------------------
File: ID_0059_AGE_0074_CONTRAST_0_CT.tif
PartID: Capstone_Final_Stats | Kernel: Richardson-Lucy | Threads: 256
Execution Time: 0.004343 s
Mean difference percentage: 99154645019.89%
-----------------------------------------------
File: ID_0028_AGE_0074_CONTRAST_1_CT.tif
PartID: Capstone_Final_Stats | Kernel: Richardson-Lucy | Threads: 256
Execution Time: 0.004311 s
Mean difference percentage: 98497863052.70%
-----------------------------------------------
File: ID_0056_AGE_0083_CONTRAST_0_CT.tif
PartID: Capstone_Final_Stats | Kernel: Richardson-Lucy | Threads: 256
Execution Time: 0.004329 s
Mean difference percentage: 98519145772.60%
-----------------------------------------------
File: ID_0050_AGE_0074_CONTRAST_0_CT.tif
PartID: Capstone_Final_Stats | Kernel: Richardson-Lucy | Threads: 256
Execution Time: 0.004311 s
Mean difference percentage: 98501672409.28%
-----------------------------------------------
File: ID_0014_AGE_0071_CONTRAST_1_CT.tif
PartID: Capstone_Final_Stats | Kernel: Richardson-Lucy | Threads: 256
Execution Time: 0.004297 s
Mean difference percentage: 87787474807.69%
-----------------------------------------------
File: ID_0097_AGE_0060_CONTRAST_0_CT.tif
PartID: Capstone_Final_Stats | Kernel: Richardson-Lucy | Threads: 256
Execution Time: 0.004312 s
Mean difference percentage: 99571463730.51%
-----------------------------------------------
File: ID_0020_AGE_0066_CONTRAST_1_CT.tif
PartID: Capstone_Final_Stats | Kernel: Richardson-Lucy | Threads: 256
Execution Time: 0.004316 s
Mean difference percentage: 98980715470.84%
-----------------------------------------------
File: ID_0027_AGE_0064_CONTRAST_1_CT.tif
PartID: Capstone_Final_Stats | Kernel: Richardson-Lucy | Threads: 256
Execution Time: 0.004305 s
Mean difference percentage: 98644752269.63%
-----------------------------------------------
File: ID_0051_AGE_0063_CONTRAST_0_CT.tif
PartID: Capstone_Final_Stats | Kernel: Richardson-Lucy | Threads: 256
Execution Time: 0.004304 s
Mean difference percentage: 98507159299.87%
-----------------------------------------------
File: ID_0062_AGE_0067_CONTRAST_0_CT.tif
PartID: Capstone_Final_Stats | Kernel: Richardson-Lucy | Threads: 256
Execution Time: 0.004296 s
Mean difference percentage: 98512492221.09%
-----------------------------------------------
File: ID_0037_AGE_0074_CONTRAST_1_CT.tif
PartID: Capstone_Final_Stats | Kernel: Richardson-Lucy | Threads: 256
Execution Time: 0.004318 s
Mean difference percentage: 98950314466.30%
-----------------------------------------------
File: ID_0004_AGE_0056_CONTRAST_1_CT.tif
PartID: Capstone_Final_Stats | Kernel: Richardson-Lucy | Threads: 256
Execution Time: 0.004309 s
Mean difference percentage: 97083100728.68%
-----------------------------------------------
File: ID_0012_AGE_0061_CONTRAST_1_CT.tif
PartID: Capstone_Final_Stats | Kernel: Richardson-Lucy | Threads: 256
Execution Time: 0.004316 s
Mean difference percentage: 98783289739.81%
-----------------------------------------------
File: ID_0057_AGE_0049_CONTRAST_0_CT.tif
PartID: Capstone_Final_Stats | Kernel: Richardson-Lucy | Threads: 256
Execution Time: 0.004320 s
Mean difference percentage: 99346309760.45%
-----------------------------------------------
File: ID_0066_AGE_0082_CONTRAST_0_CT.tif
PartID: Capstone_Final_Stats | Kernel: Richardson-Lucy | Threads: 256
Execution Time: 0.004301 s
Mean difference percentage: 98846111858.26%
-----------------------------------------------
File: ID_0094_AGE_0052_CONTRAST_0_CT.tif
PartID: Capstone_Final_Stats | Kernel: Richardson-Lucy | Threads: 256
Execution Time: 0.004322 s
Mean difference percentage: 99138750244.88%
-----------------------------------------------
File: ID_0042_AGE_0071_CONTRAST_1_CT.tif
PartID: Capstone_Final_Stats | Kernel: Richardson-Lucy | Threads: 256
Execution Time: 0.004294 s
Mean difference percentage: 97410690088.89%
-----------------------------------------------
File: ID_0063_AGE_0073_CONTRAST_0_CT.tif
PartID: Capstone_Final_Stats | Kernel: Richardson-Lucy | Threads: 256
Execution Time: 0.004294 s
Mean difference percentage: 96864562708.12%
-----------------------------------------------
File: ID_0065_AGE_0082_CONTRAST_0_CT.tif
PartID: Capstone_Final_Stats | Kernel: Richardson-Lucy | Threads: 256
Execution Time: 0.004309 s
Mean difference percentage: 98846111858.26%
-----------------------------------------------
File: ID_0086_AGE_0073_CONTRAST_0_CT.tif
PartID: Capstone_Final_Stats | Kernel: Richardson-Lucy | Threads: 256
Execution Time: 0.004295 s
Mean difference percentage: 98363728581.32%
-----------------------------------------------
File: ID_0071_AGE_0065_CONTRAST_0_CT.tif
PartID: Capstone_Final_Stats | Kernel: Richardson-Lucy | Threads: 256
Execution Time: 0.004323 s
Mean difference percentage: 98504714139.39%
-----------------------------------------------
File: ID_0048_AGE_0077_CONTRAST_1_CT.tif
PartID: Capstone_Final_Stats | Kernel: Richardson-Lucy | Threads: 256
Execution Time: 0.004297 s
Mean difference percentage: 97263933548.04%
-----------------------------------------------
File: ID_0091_AGE_0072_CONTRAST_0_CT.tif
PartID: Capstone_Final_Stats | Kernel: Richardson-Lucy | Threads: 256
Execution Time: 0.004313 s
Mean difference percentage: 98510794062.53%
-----------------------------------------------
File: ID_0074_AGE_0074_CONTRAST_0_CT.tif
PartID: Capstone_Final_Stats | Kernel: Richardson-Lucy | Threads: 256
Execution Time: 0.004327 s
Mean difference percentage: 98518116766.50%
-----------------------------------------------
File: ID_0061_AGE_0074_CONTRAST_0_CT.tif
PartID: Capstone_Final_Stats | Kernel: Richardson-Lucy | Threads: 256
Execution Time: 0.004316 s
Mean difference percentage: 98515906698.94%
-----------------------------------------------
File: ID_0015_AGE_0061_CONTRAST_1_CT.tif
PartID: Capstone_Final_Stats | Kernel: Richardson-Lucy | Threads: 256
Execution Time: 0.004319 s
Mean difference percentage: 87623929794.52%
-----------------------------------------------
File: ID_0035_AGE_0059_CONTRAST_1_CT.tif
PartID: Capstone_Final_Stats | Kernel: Richardson-Lucy | Threads: 256
Execution Time: 0.004332 s
Mean difference percentage: 98437412444.86%
-----------------------------------------------
File: ID_0038_AGE_0071_CONTRAST_1_CT.tif
PartID: Capstone_Final_Stats | Kernel: Richardson-Lucy | Threads: 256
Execution Time: 0.004313 s
Mean difference percentage: 99379331719.38%
-----------------------------------------------
File: ID_0072_AGE_0060_CONTRAST_0_CT.tif
PartID: Capstone_Final_Stats | Kernel: Richardson-Lucy | Threads: 256
Execution Time: 0.004289 s
Mean difference percentage: 99607433801.70%
-----------------------------------------------
File: ID_0023_AGE_0061_CONTRAST_1_CT.tif
PartID: Capstone_Final_Stats | Kernel: Richardson-Lucy | Threads: 256
Execution Time: 0.004315 s
Mean difference percentage: 99029865060.30%
-----------------------------------------------
File: ID_0076_AGE_0068_CONTRAST_0_CT.tif
PartID: Capstone_Final_Stats | Kernel: Richardson-Lucy | Threads: 256
Execution Time: 0.004322 s
Mean difference percentage: 98525897759.66%
-----------------------------------------------
File: ID_0055_AGE_0071_CONTRAST_0_CT.tif
PartID: Capstone_Final_Stats | Kernel: Richardson-Lucy | Threads: 256
Execution Time: 0.004292 s
Mean difference percentage: 98248626411.77%
-----------------------------------------------
File: ID_0093_AGE_0067_CONTRAST_0_CT.tif
PartID: Capstone_Final_Stats | Kernel: Richardson-Lucy | Threads: 256
Execution Time: 0.004292 s
Mean difference percentage: 98493843247.88%
-----------------------------------------------
File: ID_0078_AGE_0066_CONTRAST_0_CT.tif
PartID: Capstone_Final_Stats | Kernel: Richardson-Lucy | Threads: 256
Execution Time: 0.004302 s
Mean difference percentage: 98421302937.36%
-----------------------------------------------
File: ID_0001_AGE_0069_CONTRAST_1_CT.tif
PartID: Capstone_Final_Stats | Kernel: Richardson-Lucy | Threads: 256
Execution Time: 0.004295 s
Mean difference percentage: 98750810566.97%
-----------------------------------------------
File: ID_0008_AGE_0051_CONTRAST_1_CT.tif
PartID: Capstone_Final_Stats | Kernel: Richardson-Lucy | Threads: 256
Execution Time: 0.004318 s
Mean difference percentage: 98495351955.90%
-----------------------------------------------
File: ID_0089_AGE_0071_CONTRAST_0_CT.tif
PartID: Capstone_Final_Stats | Kernel: Richardson-Lucy | Threads: 256
Execution Time: 0.004305 s
Mean difference percentage: 98531798908.86%
-----------------------------------------------
File: ID_0026_AGE_0070_CONTRAST_1_CT.tif
PartID: Capstone_Final_Stats | Kernel: Richardson-Lucy | Threads: 256
Execution Time: 0.004301 s
Mean difference percentage: 98996079513.85%
-----------------------------------------------
File: ID_0070_AGE_0074_CONTRAST_0_CT.tif
PartID: Capstone_Final_Stats | Kernel: Richardson-Lucy | Threads: 256
Execution Time: 0.004277 s
Mean difference percentage: 98539267129.00%
-----------------------------------------------
File: ID_0068_AGE_0072_CONTRAST_0_CT.tif
PartID: Capstone_Final_Stats | Kernel: Richardson-Lucy | Threads: 256
Execution Time: 0.004321 s
Mean difference percentage: 95723253369.69%
-----------------------------------------------
File: ID_0099_AGE_0061_CONTRAST_0_CT.tif
PartID: Capstone_Final_Stats | Kernel: Richardson-Lucy | Threads: 256
Execution Time: 0.004308 s
Mean difference percentage: 98599203221.27%
-----------------------------------------------
File: ID_0090_AGE_0067_CONTRAST_0_CT.tif
PartID: Capstone_Final_Stats | Kernel: Richardson-Lucy | Threads: 256
Execution Time: 0.004330 s
Mean difference percentage: 98491230761.18%
-----------------------------------------------
File: ID_0067_AGE_0060_CONTRAST_0_CT.tif
PartID: Capstone_Final_Stats | Kernel: Richardson-Lucy | Threads: 256
Execution Time: 0.004316 s
Mean difference percentage: 96872173348.17%
-----------------------------------------------
File: ID_0009_AGE_0048_CONTRAST_1_CT.tif
PartID: Capstone_Final_Stats | Kernel: Richardson-Lucy | Threads: 256
Execution Time: 0.004290 s
Mean difference percentage: 99426265788.71%
-----------------------------------------------
File: ID_0039_AGE_0074_CONTRAST_1_CT.tif
PartID: Capstone_Final_Stats | Kernel: Richardson-Lucy | Threads: 256
Execution Time: 0.004296 s
Mean difference percentage: 98508011075.28%
-----------------------------------------------
File: ID_0022_AGE_0074_CONTRAST_1_CT.tif
PartID: Capstone_Final_Stats | Kernel: Richardson-Lucy | Threads: 256
Execution Time: 0.004305 s
Mean difference percentage: 98554499241.20%
-----------------------------------------------
File: ID_0073_AGE_0074_CONTRAST_0_CT.tif
PartID: Capstone_Final_Stats | Kernel: Richardson-Lucy | Threads: 256
Execution Time: 0.004296 s
Mean difference percentage: 98429903126.71%
-----------------------------------------------
File: ID_0085_AGE_0067_CONTRAST_0_CT.tif
PartID: Capstone_Final_Stats | Kernel: Richardson-Lucy | Threads: 256
Execution Time: 0.004313 s
Mean difference percentage: 97834305602.66%
-----------------------------------------------
File: ID_0060_AGE_0080_CONTRAST_0_CT.tif
PartID: Capstone_Final_Stats | Kernel: Richardson-Lucy | Threads: 256
Execution Time: 0.004298 s
Mean difference percentage: 98510907721.94%
-----------------------------------------------
File: ID_0021_AGE_0067_CONTRAST_1_CT.tif
PartID: Capstone_Final_Stats | Kernel: Richardson-Lucy | Threads: 256
Execution Time: 0.004285 s
Mean difference percentage: 99462820825.03%
-----------------------------------------------
File: ID_0054_AGE_0082_CONTRAST_0_CT.tif
PartID: Capstone_Final_Stats | Kernel: Richardson-Lucy | Threads: 256
Execution Time: 0.004301 s
Mean difference percentage: 99443327064.43%
-----------------------------------------------
File: ID_0024_AGE_0060_CONTRAST_1_CT.tif
PartID: Capstone_Final_Stats | Kernel: Richardson-Lucy | Threads: 256
Execution Time: 0.004300 s
Mean difference percentage: 99179469732.32%
-----------------------------------------------
File: ID_0016_AGE_0063_CONTRAST_1_CT.tif
PartID: Capstone_Final_Stats | Kernel: Richardson-Lucy | Threads: 256
Execution Time: 0.004302 s
Mean difference percentage: 98753480505.22%
-----------------------------------------------
